TN:
SF:app.js
FN:55,(anonymous_0)
FN:85,(anonymous_1)
FN:95,(anonymous_2)
FN:98,(anonymous_3)
FN:105,(anonymous_4)
FNF:5
FNH:3
FNDA:1,(anonymous_0)
FNDA:0,(anonymous_1)
FNDA:1,(anonymous_2)
FNDA:0,(anonymous_3)
FNDA:1,(anonymous_4)
DA:1,1
DA:2,1
DA:3,1
DA:4,1
DA:5,1
DA:6,1
DA:7,1
DA:9,1
DA:12,1
DA:19,1
DA:21,1
DA:24,1
DA:27,1
DA:45,1
DA:46,1
DA:49,1
DA:52,1
DA:55,1
DA:56,1
DA:62,1
DA:69,1
DA:70,1
DA:71,1
DA:72,1
DA:75,1
DA:79,1
DA:81,1
DA:82,1
DA:85,1
DA:86,0
DA:87,0
DA:91,1
DA:94,1
DA:96,1
DA:99,0
DA:105,1
DA:106,1
DA:110,1
DA:112,1
LF:39
LH:36
BRDA:91,0,0,1
BRDA:91,0,1,0
BRF:2
BRH:1
end_of_record
TN:
SF:controllers\QuoteFuelController.js
FN:13,(anonymous_0)
FN:72,(anonymous_1)
FN:114,(anonymous_2)
FN:158,(anonymous_3)
FN:166,(anonymous_4)
FNF:5
FNH:5
FNDA:2,(anonymous_0)
FNDA:3,(anonymous_1)
FNDA:2,(anonymous_2)
FNDA:2,(anonymous_3)
FNDA:4,(anonymous_4)
DA:1,1
DA:2,1
DA:4,1
DA:6,1
DA:8,1
DA:9,1
DA:10,1
DA:11,1
DA:13,1
DA:14,2
DA:15,2
DA:16,2
DA:17,2
DA:18,2
DA:19,2
DA:21,2
DA:22,2
DA:25,2
DA:34,2
DA:38,1
DA:42,1
DA:43,0
DA:50,0
DA:53,1
DA:54,1
DA:56,1
DA:60,1
DA:61,1
DA:72,1
DA:73,3
DA:76,3
DA:77,3
DA:79,1
DA:82,3
DA:83,2
DA:84,1
DA:85,1
DA:92,0
DA:99,1
DA:109,1
DA:114,1
DA:115,2
DA:118,2
DA:119,2
DA:121,2
DA:122,1
DA:124,1
DA:125,1
DA:132,1
DA:134,1
DA:135,1
DA:136,1
DA:139,0
DA:145,0
DA:154,0
DA:158,1
DA:159,2
DA:162,2
DA:163,1
DA:166,4
DA:168,2
DA:169,1
DA:172,2
DA:175,1
LF:64
LH:58
BRDA:42,0,0,0
BRDA:42,0,1,1
BRDA:77,1,0,1
BRDA:77,1,1,2
BRDA:83,2,0,1
BRDA:83,2,1,1
BRDA:85,3,0,0
BRDA:85,3,1,1
BRDA:86,4,0,1
BRDA:86,4,1,1
BRDA:86,4,2,1
BRDA:86,4,3,1
BRDA:121,5,0,1
BRDA:121,5,1,1
BRDA:132,6,0,1
BRDA:132,6,1,0
BRDA:135,7,0,1
BRDA:135,7,1,0
BRDA:162,8,0,1
BRDA:162,8,1,1
BRDA:162,9,0,2
BRDA:162,9,1,2
BRDA:162,9,2,2
BRDA:168,10,0,1
BRDA:168,10,1,1
BRF:25
BRH:21
end_of_record
TN:
SF:controllers\QuotePricingController.js
FN:9,(anonymous_0)
FNF:1
FNH:1
FNDA:5,(anonymous_0)
DA:1,1
DA:3,1
DA:5,1
DA:6,1
DA:7,1
DA:9,1
DA:10,5
DA:22,5
DA:24,5
DA:25,1
DA:28,5
DA:30,4
DA:32,1
DA:36,4
DA:41,4
DA:45,1
DA:48,3
DA:52,3
DA:59,0
DA:61,2
DA:66,2
DA:69,2
DA:70,2
DA:72,0
DA:77,2
DA:78,2
DA:79,1
DA:81,1
DA:85,2
DA:89,2
DA:97,2
DA:100,2
DA:102,2
DA:107,2
DA:111,1
LF:35
LH:33
BRDA:24,0,0,1
BRDA:24,0,1,4
BRDA:30,1,0,1
BRDA:30,1,1,3
BRDA:41,2,0,1
BRDA:41,2,1,3
BRDA:42,3,0,4
BRDA:42,3,1,4
BRDA:52,4,0,0
BRDA:52,4,1,2
BRDA:53,5,0,3
BRDA:53,5,1,2
BRDA:53,5,2,2
BRDA:53,5,3,2
BRDA:53,5,4,2
BRDA:69,6,0,2
BRDA:69,6,1,0
BRDA:78,7,0,1
BRDA:78,7,1,1
BRF:19
BRH:17
end_of_record
TN:
SF:controllers\UserController.js
FN:17,(anonymous_0)
FN:33,(anonymous_1)
FNF:2
FNH:2
FNDA:2,(anonymous_0)
FNDA:4,(anonymous_1)
DA:1,1
DA:2,1
DA:3,1
DA:4,1
DA:5,1
DA:6,1
DA:7,1
DA:13,1
DA:14,1
DA:17,1
DA:18,2
DA:19,2
DA:20,2
DA:21,1
DA:25,1
DA:26,1
DA:27,1
DA:29,0
DA:33,1
DA:34,4
DA:35,4
DA:37,4
DA:48,4
DA:49,4
DA:50,4
DA:51,1
DA:55,3
DA:56,3
DA:58,3
DA:59,3
DA:60,3
DA:61,3
DA:62,3
DA:63,3
DA:64,3
DA:65,2
DA:67,0
DA:76,0
DA:77,0
DA:80,1
DA:81,1
DA:89,1
LF:42
LH:38
BRDA:20,0,0,1
BRDA:20,0,1,1
BRDA:26,1,0,1
BRDA:26,1,1,0
BRDA:50,2,0,1
BRDA:50,2,1,3
BRDA:56,3,0,3
BRDA:56,3,1,0
BRF:8
BRH:6
end_of_record
TN:
SF:middleware\NotFound.js
FNF:0
FNH:0
LF:0
LH:0
BRF:0
BRH:0
end_of_record
TN:
SF:mockData\QuoteHistory.js
FNF:0
FNH:0
DA:1,1
DA:28,1
LF:2
LH:2
BRF:0
BRH:0
end_of_record
TN:
SF:models\QuoteForm.js
FNF:0
FNH:0
DA:1,1
DA:3,1
DA:12,1
DA:40,1
LF:4
LH:4
BRF:0
BRH:0
end_of_record
TN:
SF:models\QuoteHistory.js
FNF:0
FNH:0
DA:1,1
DA:2,1
DA:6,1
DA:20,1
LF:4
LH:4
BRF:0
BRH:0
end_of_record
TN:
SF:models\User.js
FNF:0
FNH:0
DA:1,1
DA:2,1
DA:11,1
DA:43,1
LF:4
LH:4
BRF:0
BRH:0
end_of_record
TN:
SF:models\UserProfile.js
FNF:0
FNH:0
DA:1,1
DA:3,1
DA:11,1
DA:44,1
LF:4
LH:4
BRF:0
BRH:0
end_of_record
TN:
SF:routes\AuthRoutes.js
FNF:0
FNH:0
LF:0
LH:0
BRF:0
BRH:0
end_of_record
TN:
SF:routes\QuoteFuelRoutes.js
FNF:0
FNH:0
DA:1,1
DA:2,1
DA:108,1
DA:110,1
DA:112,1
DA:114,1
DA:116,1
DA:119,1
LF:8
LH:8
BRF:0
BRH:0
end_of_record
TN:
SF:routes\QuotePricingRoutes.js
FNF:0
FNH:0
DA:1,1
DA:2,1
DA:57,1
DA:59,1
DA:61,1
LF:5
LH:5
BRF:0
BRH:0
end_of_record
TN:
SF:routes\UserRoutes.js
FNF:0
FNH:0
DA:1,1
DA:2,1
DA:75,1
DA:76,1
DA:77,1
DA:79,1
LF:6
LH:6
BRF:0
BRH:0
end_of_record
TN:
SF:util\CustomCor.js
FNF:0
FNH:0
DA:1,1
DA:2,1
DA:3,1
DA:5,1
DA:10,1
LF:5
LH:5
BRF:0
BRH:0
end_of_record
