TN:
SF:controllers\QuoteFuelController.js
FN:12,(anonymous_0)
FN:77,(anonymous_1)
FN:119,(anonymous_2)
FN:127,(anonymous_3)
FNF:4
FNH:0
FNDA:0,(anonymous_0)
FNDA:0,(anonymous_1)
FNDA:0,(anonymous_2)
FNDA:0,(anonymous_3)
DA:1,1
DA:2,1
DA:4,1
DA:6,1
DA:8,1
DA:9,1
DA:10,1
DA:12,1
DA:13,0
DA:14,0
DA:15,0
DA:16,0
DA:17,0
DA:18,0
DA:20,0
DA:21,0
DA:24,0
DA:33,0
DA:35,0
DA:37,0
DA:42,0
DA:44,0
DA:51,0
DA:56,0
DA:57,0
DA:59,0
DA:63,0
DA:64,0
DA:77,1
DA:78,0
DA:79,0
DA:81,0
DA:82,0
DA:85,0
DA:87,0
DA:92,0
DA:93,0
DA:109,0
DA:114,0
DA:119,1
DA:120,0
DA:123,0
DA:124,0
DA:127,0
DA:129,0
DA:130,0
DA:133,0
DA:136,1
LF:48
LH:11
BRDA:42,0,0,0
BRDA:42,0,1,0
BRDA:85,1,0,0
BRDA:85,1,1,0
BRDA:123,2,0,0
BRDA:123,2,1,0
BRDA:123,3,0,0
BRDA:123,3,1,0
BRDA:123,3,2,0
BRDA:129,4,0,0
BRDA:129,4,1,0
BRF:11
BRH:0
end_of_record
TN:
SF:controllers\QuotePricingController.js
FN:5,(anonymous_0)
FNF:1
FNH:1
FNDA:1,(anonymous_0)
DA:1,1
DA:3,1
DA:5,1
DA:6,1
DA:7,1
DA:11,1
DA:14,1
DA:15,1
DA:20,0
DA:23,1
DA:30,1
DA:34,1
LF:12
LH:11
BRDA:15,0,0,0
BRDA:15,0,1,1
BRDA:16,1,0,1
BRDA:16,1,1,1
BRF:4
BRH:3
end_of_record
TN:
SF:controllers\UserController.js
FN:17,(anonymous_0)
FN:33,(anonymous_1)
FNF:2
FNH:2
FNDA:2,(anonymous_0)
FNDA:3,(anonymous_1)
DA:1,1
DA:2,1
DA:3,1
DA:4,1
DA:5,1
DA:6,1
DA:7,1
DA:13,1
DA:14,1
DA:17,1
DA:18,2
DA:19,2
DA:20,2
DA:21,1
DA:25,1
DA:26,1
DA:27,1
DA:29,0
DA:33,1
DA:34,3
DA:35,3
DA:37,3
DA:48,3
DA:49,3
DA:50,3
DA:51,1
DA:55,2
DA:56,2
DA:58,2
DA:59,2
DA:60,2
DA:61,2
DA:62,2
DA:63,2
DA:64,2
DA:65,1
DA:67,0
DA:76,0
DA:77,0
DA:80,1
DA:81,1
DA:89,1
LF:42
LH:38
BRDA:20,0,0,1
BRDA:20,0,1,1
BRDA:26,1,0,1
BRDA:26,1,1,0
BRDA:50,2,0,1
BRDA:50,2,1,2
BRDA:56,3,0,2
BRDA:56,3,1,0
BRF:8
BRH:6
end_of_record
TN:
SF:middleware\NotFound.js
FNF:0
FNH:0
LF:0
LH:0
BRF:0
BRH:0
end_of_record
TN:
SF:mockData\QuoteHistory.js
FNF:0
FNH:0
DA:1,1
DA:28,1
LF:2
LH:2
BRF:0
BRH:0
end_of_record
TN:
SF:models\QuoteForm.js
FNF:0
FNH:0
DA:1,1
DA:3,1
DA:12,1
DA:40,1
LF:4
LH:4
BRF:0
BRH:0
end_of_record
TN:
SF:models\QuoteHistory.js
FNF:0
FNH:0
DA:1,1
DA:2,1
DA:6,1
DA:20,1
LF:4
LH:4
BRF:0
BRH:0
end_of_record
TN:
SF:models\User.js
FNF:0
FNH:0
DA:1,1
DA:2,1
DA:11,1
DA:43,1
LF:4
LH:4
BRF:0
BRH:0
end_of_record
TN:
SF:models\UserProfile.js
FNF:0
FNH:0
DA:1,1
DA:3,1
DA:11,1
DA:44,1
LF:4
LH:4
BRF:0
BRH:0
end_of_record
TN:
SF:routes\AuthRoutes.js
FNF:0
FNH:0
LF:0
LH:0
BRF:0
BRH:0
end_of_record
TN:
SF:routes\QuoteFuelRoutes.js
FNF:0
FNH:0
DA:1,1
DA:2,1
DA:107,1
DA:109,1
DA:111,1
DA:113,1
DA:115,1
LF:7
LH:7
BRF:0
BRH:0
end_of_record
TN:
SF:routes\QuotePricingRoutes.js
FNF:0
FNH:0
DA:1,1
DA:2,1
DA:57,1
DA:59,1
DA:61,1
LF:5
LH:5
BRF:0
BRH:0
end_of_record
TN:
SF:routes\UserRoutes.js
FNF:0
FNH:0
DA:1,1
DA:2,1
DA:75,1
DA:76,1
DA:77,1
DA:79,1
LF:6
LH:6
BRF:0
BRH:0
end_of_record
TN:
SF:test\QuoteFuelController.test.js
FNF:0
FNH:0
DA:1,1
DA:2,1
DA:3,1
DA:4,1
DA:6,1
DA:8,1
LF:6
LH:6
BRF:0
BRH:0
end_of_record
TN:
SF:test\QuotePricingController.test.js
FN:11,(anonymous_0)
FN:12,(anonymous_1)
FN:21,(anonymous_2)
FNF:3
FNH:3
FNDA:1,(anonymous_0)
FNDA:1,(anonymous_1)
FNDA:1,(anonymous_2)
DA:1,1
DA:2,1
DA:3,1
DA:4,1
DA:6,1
DA:8,1
DA:11,1
DA:12,1
DA:13,1
DA:18,1
DA:22,1
DA:23,1
LF:12
LH:12
BRF:0
BRH:0
end_of_record
TN:
SF:test\UserController.test.js
FN:10,(anonymous_0)
FN:11,(anonymous_1)
FN:25,(anonymous_2)
FN:41,(anonymous_3)
FN:42,(anonymous_4)
FN:54,(anonymous_5)
FN:60,(anonymous_6)
FN:61,(anonymous_7)
FN:74,(anonymous_8)
FN:80,(anonymous_9)
FN:81,(anonymous_10)
FN:86,(anonymous_11)
FN:92,(anonymous_12)
FN:93,(anonymous_13)
FN:98,(anonymous_14)
FNF:15
FNH:15
FNDA:1,(anonymous_0)
FNDA:1,(anonymous_1)
FNDA:1,(anonymous_2)
FNDA:1,(anonymous_3)
FNDA:1,(anonymous_4)
FNDA:1,(anonymous_5)
FNDA:1,(anonymous_6)
FNDA:1,(anonymous_7)
FNDA:1,(anonymous_8)
FNDA:1,(anonymous_9)
FNDA:1,(anonymous_10)
FNDA:1,(anonymous_11)
FNDA:1,(anonymous_12)
FNDA:1,(anonymous_13)
FNDA:1,(anonymous_14)
DA:1,1
DA:2,1
DA:3,1
DA:4,1
DA:6,1
DA:8,1
DA:10,1
DA:11,1
DA:12,1
DA:21,1
DA:26,1
DA:27,1
DA:29,1
DA:30,1
DA:31,1
DA:34,1
DA:35,1
DA:36,1
DA:37,1
DA:41,1
DA:42,1
DA:43,1
DA:50,1
DA:55,1
DA:56,1
DA:60,1
DA:61,1
DA:62,1
DA:70,1
DA:75,1
DA:76,1
DA:80,1
DA:81,1
DA:82,1
DA:83,1
DA:87,1
DA:88,1
DA:92,1
DA:93,1
DA:94,1
DA:95,1
DA:99,1
DA:100,1
LF:43
LH:43
BRF:0
BRH:0
end_of_record
TN:
SF:util\CustomCor.js
FNF:0
FNH:0
DA:1,1
DA:2,1
DA:3,1
DA:5,1
DA:10,1
LF:5
LH:5
BRF:0
BRH:0
end_of_record
